This is pdfTeX, Version 3.1415926-2.3-1.40.12 (TeX Live 2011/MacPorts 2011_3) (format=pdflatex 2011.8.22)  3 JAN 2012 19:46
entering extended mode
 restricted \write18 enabled.
 %&-line parsing enabled.
**chapter
(./chapter.tex
LaTeX2e <2009/09/24>
Babel <v3.8l> and hyphenation patterns for english, dumylang, nohyphenation, cz
ech, slovak, dutch, ukenglish, usenglishmax, basque, french, german-x-2009-06-1
9, ngerman-x-2009-06-19, german, ngerman, swissgerman, italian, polish, portugu
ese, spanish, catalan, galician, loaded.
(/opt/local/share/texmf-texlive-dist/tex/latex/ntgclass/artikel3.cls
Document Class: artikel3 2004/06/07 v2.1a NTG LaTeX document class
(/opt/local/share/texmf-texlive-dist/tex/latex/ntgclass/ntg10.clo
File: ntg10.clo 2004/06/07 v2.1a NTG LaTeX file (size option)
)
\unitindent=\dimen102
\othermargin=\dimen103
\c@part=\count79
\c@section=\count80
\c@subsection=\count81
\c@subsubsection=\count82
\c@paragraph=\count83
\c@subparagraph=\count84
\c@figure=\count85
\c@table=\count86
\abovecaptionskip=\skip41
\belowcaptionskip=\skip42
LaTeX Info: Redefining \em on input line 745.
\bibindent=\dimen104
)
(/opt/local/share/texmf-texlive-dist/tex/latex/base/fleqn.sty

LaTeX Warning: inputting `fleqn.clo' instead of obsolete `fleqn.sty'.

(/opt/local/share/texmf-texlive-dist/tex/latex/base/fleqn.clo
File: fleqn.clo 1998/08/17 v1.1c Standard LaTeX option (flush left equations)
\mathindent=\dimen105
))
(/opt/local/share/texmf-texlive-dist/tex/latex/tools/verbatim.sty
Package: verbatim 2003/08/22 v1.5q LaTeX2e package for verbatim enhancements
\every@verbatim=\toks14
\verbatim@line=\toks15
\verbatim@in@stream=\read1
)
(/Users/eijkhout/Software/TeX/macros/comment.sty
\CommentStream=\write3
 Excluding comment 'comment')
(/Users/eijkhout/Software/TeX/macros/outliner.sty
\c@leveldepth=\count87
\c@baselevel=\count88
\c@aimlevel=\count89
\c@pagebreaklevel=\count90
)
(/opt/local/share/texmf-texlive-dist/tex/latex/psnfss/times.sty
Package: times 2005/04/12 PSNFSS-v9.2a (SPQR) 
)
(/opt/local/share/texmf-texlive-dist/tex/latex/tools/multicol.sty
Package: multicol 2008/12/05 v1.6h multicolumn formatting (FMi)
\c@tracingmulticols=\count91
\mult@box=\box26
\multicol@leftmargin=\dimen106
\c@unbalance=\count92
\c@collectmore=\count93
\doublecol@number=\count94
\multicoltolerance=\count95
\multicolpretolerance=\count96
\full@width=\dimen107
\page@free=\dimen108
\premulticols=\dimen109
\postmulticols=\dimen110
\multicolsep=\skip43
\multicolbaselineskip=\skip44
\partial@page=\box27
\last@line=\box28
\mult@rightbox=\box29
\mult@grightbox=\box30
\mult@gfirstbox=\box31
\mult@firstbox=\box32
\@tempa=\box33
\@tempa=\box34
\@tempa=\box35
\@tempa=\box36
\@tempa=\box37
\@tempa=\box38
\@tempa=\box39
\@tempa=\box40
\@tempa=\box41
\@tempa=\box42
\@tempa=\box43
\@tempa=\box44
\@tempa=\box45
\@tempa=\box46
\@tempa=\box47
\@tempa=\box48
\@tempa=\box49
\c@columnbadness=\count97
\c@finalcolumnbadness=\count98
\last@try=\dimen111
\multicolovershoot=\dimen112
\multicolundershoot=\dimen113
\mult@nat@firstbox=\box50
\colbreak@box=\box51
)
(/opt/local/share/texmf-texlive-dist/tex/latex/graphics/graphicx.sty
Package: graphicx 1999/02/16 v1.0f Enhanced LaTeX Graphics (DPC,SPQR)

(/opt/local/share/texmf-texlive-dist/tex/latex/graphics/keyval.sty
Package: keyval 1999/03/16 v1.13 key=value parser (DPC)
\KV@toks@=\toks16
)
(/opt/local/share/texmf-texlive-dist/tex/latex/graphics/graphics.sty
Package: graphics 2009/02/05 v1.0o Standard LaTeX Graphics (DPC,SPQR)

(/opt/local/share/texmf-texlive-dist/tex/latex/graphics/trig.sty
Package: trig 1999/03/16 v1.09 sin cos tan (DPC)
)
(/opt/local/share/texmf-texlive-dist/tex/latex/latexconfig/graphics.cfg
File: graphics.cfg 2010/04/23 v1.9 graphics configuration of TeX Live
)
Package graphics Info: Driver file: pdftex.def on input line 91.

(/opt/local/share/texmf-texlive-dist/tex/latex/pdftex-def/pdftex.def
File: pdftex.def 2011/05/27 v0.06d Graphics/color for pdfTeX

(/opt/local/share/texmf-texlive-dist/tex/generic/oberdiek/infwarerr.sty
Package: infwarerr 2010/04/08 v1.3 Providing info/warning/message (HO)
)
(/opt/local/share/texmf-texlive-dist/tex/generic/oberdiek/ltxcmds.sty
Package: ltxcmds 2011/04/18 v1.20 LaTeX kernel commands for general use (HO)
)
\Gread@gobject=\count99
))
\Gin@req@height=\dimen114
\Gin@req@width=\dimen115
)
(/opt/local/share/texmf-texlive-dist/tex/latex/eepic/epic.sty
Enhancements to Picture Environment. Version 1.2 - Released June 1, 1986
\@@multicnt=\count100
\d@lta=\count101
\@delta=\dimen116
\@@delta=\dimen117
\@gridcnt=\count102
\@joinkind=\count103
\@dotgap=\dimen118
\@ddotgap=\dimen119
\@x@diff=\count104
\@y@diff=\count105
\x@diff=\dimen120
\y@diff=\dimen121
\@dotbox=\box52
\num@segments=\count106
\num@segmentsi=\count107
\@datafile=\read2
) (/opt/local/share/texmf-texlive-dist/tex/latex/amsfonts/amssymb.sty
Package: amssymb 2009/06/22 v3.00

(/opt/local/share/texmf-texlive-dist/tex/latex/amsfonts/amsfonts.sty
Package: amsfonts 2009/06/22 v3.00 Basic AMSFonts support
\@emptytoks=\toks17
\symAMSa=\mathgroup4
\symAMSb=\mathgroup5
LaTeX Font Info:    Overwriting math alphabet `\mathfrak' in version `bold'
(Font)                  U/euf/m/n --> U/euf/b/n on input line 96.
))
(/Users/eijkhout/Software/TeX/LaTeX/qtree.sty
Package: 2002/11/05 v.2.21 Qtree: tree-drawing for linguistics
Package: qtree 2002/11/05 v.2.21 Qtree: tree-drawing for linguistics
\c@treecount=\count108
\c@branchcount=\count109
\parentbox=\box53
\treebox=\box54
\treeboxone=\box55
\treeboxtwo=\box56
\treeboxthree=\box57
\treeboxfour=\box58
\treeboxfive=\box59
\treeboxsix=\box60
\treeboxseven=\box61
\treeboxeight=\box62
\treeboxnine=\box63
\treeboxten=\box64
\treeboxeleven=\box65
\treeboxtwelve=\box66
\treeboxthirteen=\box67
\treeboxfourteen=\box68
\treeboxfifteen=\box69
\treeboxsixteen=\box70
\treeboxseventeen=\box71
\treeboxeighteen=\box72
\treeboxnineteen=\box73
\treeboxtwenty=\box74
\treeoffsetone=\skip45
\treeoffsettwo=\skip46
\treeoffsetthree=\skip47
\treeoffsetfour=\skip48
\treeoffsetfive=\skip49
\treeoffsetsix=\skip50
\treeoffsetseven=\skip51
\treeoffseteight=\skip52
\treeoffsetnine=\skip53
\treeoffsetten=\skip54
\treeoffseteleven=\skip55
\treeoffsettwelve=\skip56
\treeoffsetthirteen=\skip57
\treeoffsetfourteen=\skip58
\treeoffsetfifteen=\skip59
\treeoffsetsixteen=\skip60
\treeoffsetseventeen=\skip61
\treeoffseteighteen=\skip62
\treeoffsetnineteen=\skip63
\treeoffsettwenty=\skip64
\treeshiftone=\skip65
\treeshifttwo=\skip66
\treeshiftthree=\skip67
\treeshiftfour=\skip68
\treeshiftfive=\skip69
\treeshiftsix=\skip70
\treeshiftseven=\skip71
\treeshifteight=\skip72
\treeshiftnine=\skip73
\treeshiftten=\skip74
\treeshifteleven=\skip75
\treeshifttwelve=\skip76
\treeshiftthirteen=\skip77
\treeshiftfourteen=\skip78
\treeshiftfifteen=\skip79
\treeshiftsixteen=\skip80
\treeshiftseventeen=\skip81
\treeshifteighteen=\skip82
\treeshiftnineteen=\skip83
\treeshifttwenty=\skip84
\treewidthone=\skip85
\treewidthtwo=\skip86
\treewidththree=\skip87
\treewidthfour=\skip88
\treewidthfive=\skip89
\treewidthsix=\skip90
\treewidthseven=\skip91
\treewidtheight=\skip92
\treewidthnine=\skip93
\treewidthten=\skip94
\treewidtheleven=\skip95
\treewidthtwelve=\skip96
\treewidththirteen=\skip97
\treewidthfourteen=\skip98
\treewidthfifteen=\skip99
\treewidthsixteen=\skip100
\treewidthseventeen=\skip101
\treewidtheighteen=\skip102
\treewidthnineteen=\skip103
\treewidthtwenty=\skip104
\daughteroffsetone=\skip105
\daughteroffsettwo=\skip106
\daughteroffsetthree=\skip107
\daughteroffsetfour=\skip108
\branchwidthone=\skip109
\branchwidthtwo=\skip110
\branchwidththree=\skip111
\branchwidthfour=\skip112
\parentoffset=\skip113
\treeoffset=\skip114
\daughteroffset=\skip115
\branchwidth=\skip116
\parentwidth=\skip117
\treewidth=\skip118
\qbog=\dimen122
\qta=\toks18
\qtb=\toks19
\nbranches=\count110
\qroofx=\count111
\qroofy=\count112
\@qrscratchbox=\box75
) (/opt/local/share/texmf-texlive-dist/tex/latex/hyperref/hyperref.sty
Package: hyperref 2011/04/17 v6.82g Hypertext links for LaTeX

(/opt/local/share/texmf-texlive-dist/tex/generic/oberdiek/hobsub-hyperref.sty
Package: hobsub-hyperref 2011/04/23 v1.4 Bundle oberdiek, subset hyperref (HO)

(/opt/local/share/texmf-texlive-dist/tex/generic/oberdiek/hobsub-generic.sty
Package: hobsub-generic 2011/04/23 v1.4 Bundle oberdiek, subset generic (HO)
Package: hobsub 2011/04/23 v1.4 Subsetting bundle oberdiek (HO)
Package hobsub Info: Skipping package `infwarerr' (already loaded).
Package hobsub Info: Skipping package `ltxcmds' (already loaded).
Package: ifluatex 2010/03/01 v1.3 Provides the ifluatex switch (HO)
Package ifluatex Info: LuaTeX not detected.
Package: ifvtex 2010/03/01 v1.5 Switches for detecting VTeX and its modes (HO)
Package ifvtex Info: VTeX not detected.
Package: intcalc 2007/09/27 v1.1 Expandable integer calculations (HO)
Package: ifpdf 2011/01/30 v2.3 Provides the ifpdf switch (HO)
Package ifpdf Info: pdfTeX in PDF mode is detected.
Package: etexcmds 2011/02/16 v1.5 Prefix for e-TeX command names (HO)
Package etexcmds Info: Could not find \expanded.
(etexcmds)             That can mean that you are not using pdfTeX 1.50 or
(etexcmds)             that some package has redefined \expanded.
(etexcmds)             In the latter case, load this package earlier.
Package: kvsetkeys 2011/04/07 v1.13 Key value parser (HO)
Package: kvdefinekeys 2011/04/07 v1.3 Defining keys (HO)
Package: pdftexcmds 2011/04/22 v0.16 Utilities of pdfTeX for LuaTeX (HO)
Package pdftexcmds Info: LuaTeX not detected.
Package pdftexcmds Info: \pdf@primitive is available.
Package pdftexcmds Info: \pdf@ifprimitive is available.
Package pdftexcmds Info: \pdfdraftmode found.
Package: pdfescape 2011/04/04 v1.12 Provides string conversions (HO)
Package: bigintcalc 2011/01/30 v1.2 Expandable big integer calculations (HO)
Package: bitset 2011/01/30 v1.1 Data type bit set (HO)
Package: uniquecounter 2011/01/30 v1.2 Provides unlimited unique counter (HO)
)
Package hobsub Info: Skipping package `hobsub' (already loaded).
Package: letltxmacro 2010/09/02 v1.4 Let assignment for LaTeX macros (HO)
Package: hopatch 2011/01/30 v1.0 Wrapper for package hooks (HO)
Package: xcolor-patch 2011/01/30 xcolor patch
Package: atveryend 2011/04/23 v1.7 Hooks at very end of document (HO)
Package atveryend Info: \enddocument detected (standard).
Package: atbegshi 2011/01/30 v1.15 At begin shipout hook (HO)
Package: refcount 2010/12/01 v3.2 Data extraction from references (HO)
Package: hycolor 2011/01/30 v1.7 Color options of hyperref/bookmark (HO)
)
(/opt/local/share/texmf-texlive-dist/tex/generic/ifxetex/ifxetex.sty
Package: ifxetex 2010/09/12 v0.6 Provides ifxetex conditional
)
(/opt/local/share/texmf-texlive-dist/tex/latex/oberdiek/kvoptions.sty
Package: kvoptions 2010/12/23 v3.10 Keyval support for LaTeX options (HO)
)
\@linkdim=\dimen123
\Hy@linkcounter=\count113
\Hy@pagecounter=\count114

(/opt/local/share/texmf-texlive-dist/tex/latex/hyperref/pd1enc.def
File: pd1enc.def 2011/04/17 v6.82g Hyperref: PDFDocEncoding definition (HO)
)
\Hy@SavedSpaceFactor=\count115

(/opt/local/share/texmf-texlive-dist/tex/latex/latexconfig/hyperref.cfg
File: hyperref.cfg 2002/06/06 v1.2 hyperref configuration of TeXLive
)
Package hyperref Info: Hyper figures OFF on input line 4026.
Package hyperref Info: Link nesting OFF on input line 4031.
Package hyperref Info: Hyper index ON on input line 4034.
Package hyperref Info: Plain pages OFF on input line 4041.
Package hyperref Info: Backreferencing OFF on input line 4046.
Package hyperref Info: Implicit mode ON; LaTeX internals redefined.
Package hyperref Info: Bookmarks ON on input line 4264.
\c@Hy@tempcnt=\count116

(/Users/eijkhout/Software/TeX/LaTeX/url.sty
\Urlmuskip=\muskip10
Package: url 2006/04/12  ver 3.3  Verb mode for urls, etc.
)
LaTeX Info: Redefining \url on input line 4617.
\Fld@menulength=\count117
\Field@Width=\dimen124
\Fld@charsize=\dimen125
Package hyperref Info: Hyper figures OFF on input line 5701.
Package hyperref Info: Link nesting OFF on input line 5706.
Package hyperref Info: Hyper index ON on input line 5709.
Package hyperref Info: backreferencing OFF on input line 5716.
Package hyperref Info: Link coloring OFF on input line 5721.
Package hyperref Info: Link coloring with OCG OFF on input line 5726.
Package hyperref Info: PDF/A mode OFF on input line 5731.
LaTeX Info: Redefining \ref on input line 5771.
LaTeX Info: Redefining \pageref on input line 5775.
\Hy@abspage=\count118
\c@Item=\count119
\c@Hfootnote=\count120
)

Package hyperref Message: Driver: hpdftex.

(/opt/local/share/texmf-texlive-dist/tex/latex/hyperref/hpdftex.def
File: hpdftex.def 2011/04/17 v6.82g Hyperref driver for pdfTeX
\Fld@listcount=\count121
\c@bookmark@seq@number=\count122

(/opt/local/share/texmf-texlive-dist/tex/latex/oberdiek/rerunfilecheck.sty
Package: rerunfilecheck 2011/04/15 v1.7 Rerun checks for auxiliary files (HO)
Package uniquecounter Info: New unique counter `rerunfilecheck' on input line 2
82.
)
\Hy@SectionHShift=\skip119
)
Excluding comment 'instructor' (./idxmacs.tex
(/opt/local/share/texmf-texlive-dist/tex/latex/base/makeidx.sty
Package: makeidx 2000/03/29 v1.0m Standard LaTeX package
)
\@indexfile=\write4
\openout4 = `chapter.idx'.


Writing index file chapter.idx
) (./exmacs.tex Excluding comment 'quiz'
\c@excounter=\count123
 General comment '594exercise'
General comment 'answer'
\nx=\read3
) (./tutmacs.tex
(/Users/eijkhout/Software/TeX/LaTeX/bnf.sty
Style-Option: `bnf' v1.1a <92/01/30> (Hugh Osborne/br)
) (./bnf.env) General comment 'inputwithcode'
General comment 'examplewithcode' Special comment 'ttexamplewithcode'
General comment 'mathexamplewithcode')
\c@theorem=\count124
\c@lemma=\count125
 Excluding comment 'problem'
\c@chapter=\count126

\chaptername=encoding
(./chapter.aux)
\openout1 = `chapter.aux'.

LaTeX Font Info:    Checking defaults for OML/cmm/m/it on input line 32.
LaTeX Font Info:    ... okay on input line 32.
LaTeX Font Info:    Checking defaults for T1/cmr/m/n on input line 32.
LaTeX Font Info:    ... okay on input line 32.
LaTeX Font Info:    Checking defaults for OT1/cmr/m/n on input line 32.
LaTeX Font Info:    ... okay on input line 32.
LaTeX Font Info:    Checking defaults for OMS/cmsy/m/n on input line 32.
LaTeX Font Info:    ... okay on input line 32.
LaTeX Font Info:    Checking defaults for OMX/cmex/m/n on input line 32.
LaTeX Font Info:    ... okay on input line 32.
LaTeX Font Info:    Checking defaults for U/cmr/m/n on input line 32.
LaTeX Font Info:    ... okay on input line 32.
LaTeX Font Info:    Checking defaults for PD1/pdf/m/n on input line 32.
LaTeX Font Info:    ... okay on input line 32.
LaTeX Font Info:    Try loading font information for OT1+ptm on input line 32.
 (/opt/local/share/texmf-texlive-dist/tex/latex/psnfss/ot1ptm.fd
File: ot1ptm.fd 2001/06/04 font definitions for OT1/ptm.
) (/opt/local/share/texmf-texlive-dist/tex/context/base/supp-pdf.mkii
[Loading MPS to PDF converter (version 2006.09.02).]
\scratchcounter=\count127
\scratchdimen=\dimen126
\scratchbox=\box76
\nofMPsegments=\count128
\nofMParguments=\count129
\everyMPshowfont=\toks20
\MPscratchCnt=\count130
\MPscratchDim=\dimen127
\MPnumerator=\count131
\makeMPintoPDFobject=\count132
\everyMPtoPDFconversion=\toks21
) (/opt/local/share/texmf-texlive-dist/tex/latex/oberdiek/epstopdf-base.sty
Package: epstopdf-base 2010/02/09 v2.5 Base part for package epstopdf

(/opt/local/share/texmf-texlive-dist/tex/latex/oberdiek/grfext.sty
Package: grfext 2010/08/19 v1.1 Managing graphics extensions (HO)
)
Package grfext Info: Graphics extension search list:
(grfext)             [.png,.pdf,.jpg,.mps,.jpeg,.jbig2,.jb2,.PNG,.PDF,.JPG,.JPE
G,.JBIG2,.JB2,.eps]
(grfext)             \AppendGraphicsExtensions on input line 452.

(/opt/local/share/texmf-texlive-dist/tex/latex/latexconfig/epstopdf-sys.cfg
File: epstopdf-sys.cfg 2010/07/13 v1.3 Configuration of (r)epstopdf for TeX Liv
e
))
\AtBeginShipoutBox=\box77
Package hyperref Info: Link coloring OFF on input line 32.

(/opt/local/share/texmf-texlive-dist/tex/latex/hyperref/nameref.sty
Package: nameref 2010/04/30 v2.40 Cross-referencing by name of section

(/opt/local/share/texmf-texlive-dist/tex/generic/oberdiek/gettitlestring.sty
Package: gettitlestring 2010/12/03 v1.4 Cleanup title references (HO)
)
\c@section@level=\count133
)
LaTeX Info: Redefining \ref on input line 32.
LaTeX Info: Redefining \pageref on input line 32.
LaTeX Info: Redefining \nameref on input line 32.

(./chapter.out) (./chapter.out)
\@outlinefile=\write5
\openout5 = `chapter.out'.

LaTeX Font Info:    Font shape `OT1/ptm/bx/n' in size <17.28> not available
(Font)              Font shape `OT1/ptm/b/n' tried instead on input line 38.
LaTeX Font Info:    Font shape `OT1/ptm/bx/n' in size <12> not available
(Font)              Font shape `OT1/ptm/b/n' tried instead on input line 38.
LaTeX Font Info:    Try loading font information for U+msa on input line 38.

(/opt/local/share/texmf-texlive-dist/tex/latex/amsfonts/umsa.fd
File: umsa.fd 2009/06/22 v3.00 AMS symbols A
)
LaTeX Font Info:    Try loading font information for U+msb on input line 38.

(/opt/local/share/texmf-texlive-dist/tex/latex/amsfonts/umsb.fd
File: umsb.fd 2009/06/22 v3.00 AMS symbols B
)
(./encoding.tex
LaTeX Font Info:    Font shape `OT1/ptm/bx/n' in size <10> not available
(Font)              Font shape `OT1/ptm/b/n' tried instead on input line 3.
LaTeX Font Info:    Try loading font information for OMS+ptm on input line 10.
 (/opt/local/share/texmf-texlive-dist/tex/latex/psnfss/omsptm.fd
File: omsptm.fd 
)
LaTeX Font Info:    Font shape `OMS/ptm/m/n' in size <10> not available
(Font)              Font shape `OMS/cmsy/m/n' tried instead on input line 10.
LaTeX Font Info:    Try loading font information for OT1+pcr on input line 19.
 (/opt/local/share/texmf-texlive-dist/tex/latex/psnfss/ot1pcr.fd
File: ot1pcr.fd 2001/06/04 font definitions for OT1/pcr.
)
LaTeX Font Info:    Font shape `OT1/ptm/m/ui' in size <10> not available
(Font)              Font shape `OT1/ptm/m/it' tried instead on input line 29.

<ascii.pdf, id=29, 96.60089pt x 48.4209pt>
File: ascii.pdf Graphic file (type pdf)
 <use ascii.pdf>
Package pdftex.def Info: ascii.pdf used on input line 32.
(pdftex.def)             Requested size: 212.52109pt x 106.52551pt.
 [1

{/opt/local/var/db/texmf/fonts/map/pdftex/updmap/pdftex.map} <./graphics/ascii.
pdf>]
<dos437.pdf, id=47, 96.60089pt x 96.60089pt>
File: dos437.pdf Graphic file (type pdf)
 <use dos437.pdf>
Package pdftex.def Info: dos437.pdf used on input line 45.
(pdftex.def)             Requested size: 212.52109pt x 212.52109pt.

<macroman.pdf, id=48, 96.60089pt x 48.4209pt>
File: macroman.pdf Graphic file (type pdf)
 <use macroman.pdf>
Package pdftex.def Info: macroman.pdf used on input line 48.
(pdftex.def)             Requested size: 212.52109pt x 106.52551pt.

<winlatin1.pdf, id=49, 96.60089pt x 48.4209pt>
File: winlatin1.pdf Graphic file (type pdf)
 <use winlatin1.pdf>
Package pdftex.def Info: winlatin1.pdf used on input line 51.
(pdftex.def)             Requested size: 212.52109pt x 106.52551pt.
 [2 <./graphics/dos437.pdf> <./graphics/macroman.pdf> <./graphics/winlatin1.pdf
>]
<latin1.pdf, id=74, 96.60089pt x 36.3759pt>
File: latin1.pdf Graphic file (type pdf)
 <use latin1.pdf>
Package pdftex.def Info: latin1.pdf used on input line 80.
(pdftex.def)             Requested size: 212.52109pt x 80.02663pt.

<8859-cyrillic.pdf, id=75, 96.60089pt x 36.3759pt>
File: 8859-cyrillic.pdf Graphic file (type pdf)
 <use 8859-cyrillic.pdf>
Package pdftex.def Info: 8859-cyrillic.pdf used on input line 85.
(pdftex.def)             Requested size: 212.52109pt x 80.02663pt.

Overfull \hbox (45.05798pt too wide) in paragraph at lines 91--99
\OT1/pcr/m/n/10 index . html$[]\OT1/ptm/m/n/10 . A his-tory, pay-ing at-ten-tio
n to mul-ti-lin-gual use: []$\OT1/pcr/m/n/10 http : / / tronweb . super-[]nova 
.
 []


Overfull \hbox (24.45819pt too wide) in paragraph at lines 100--104
[]\OT1/ptm/m/n/10 A good in-ven-tory of ISO 8859, Latin-1: []$\OT1/pcr/m/n/10 h
ttp : / / www . cs . tut . fi / []jkorpela / latin1 /
 []


Overfull \hbox (40.79857pt too wide) in paragraph at lines 100--104
\OT1/pcr/m/n/10 index . html$[]\OT1/ptm/m/n/10 , with a dis-cus-sion by log-i-c
al group-ing: []$\OT1/pcr/m/n/10 http : / / www . cs . tut . fi / []jkorpela /
 []

[3 <./graphics/latin1.pdf> <./graphics/8859-cyrillic.pdf>]
Overfull \hbox (4.94601pt too wide) in paragraph at lines 128--135
\OT1/ptm/m/n/10 Two in-ter-na-tional stan-dards or-ga-ni-za-tions, the Uni-code
 Con-sor-tium and ISO/IEC JTC1/SC2,
 []


Overfull \hbox (14.49947pt too wide) in paragraph at lines 142--146
\OT1/pcr/m/n/10 / / www . fileformat . info / info / unicode / index . htm$[]\O
T1/ptm/m/n/10 , or down-load-able at []$\OT1/pcr/m/n/10 http :
 []


Overfull \hbox (0.84709pt too wide) in paragraph at lines 149--154
\OT1/ptm/m/n/10 Characters in Uni-code are mostly de-noted hex-adec-i-mally as 
\OT1/pcr/m/n/10 U+wxyz\OT1/ptm/m/n/10 , for in-stance \OT1/pcr/m/n/10 U+0041
 []

[4]
Overfull \hbox (29.07333pt too wide) in paragraph at lines 223--240
[][]
 []


Underfull \hbox (badness 10000) in paragraph at lines 223--240

 []

writing exercise to encoding-ex1.tex cut file name:encoding-ex1.tex
\openout3 = `encoding-ex1.tex'.


(./encoding-ex1.tex) [5]
Overfull \hbox (10.99931pt too wide) in paragraph at lines 249--254
[]\OT1/pcr/m/n/10 mgk25 / unicode . html$[]\OT1/ptm/m/n/10 . The his-tory of it
: []$\OT1/pcr/m/n/10 http : / / www . cl . cam . ac . uk / []mgk25 /
 []


Overfull \hbox (3.57983pt too wide) in paragraph at lines 259--262
\OT1/ptm/m/n/10 See []$\OT1/pcr/m/n/10 http : / / www . cs . tut . fi / []jkorp
ela / unicode / linebr . html$[] \OT1/ptm/m/n/10 and []$\OT1/pcr/m/n/10 http :
 []

<arabic-date.pdf, id=129, 603.25375pt x 173.64874pt>
File: arabic-date.pdf Graphic file (type pdf)
 <use arabic-date.pdf>
Package pdftex.def Info: arabic-date.pdf used on input line 273.
(pdftex.def)             Requested size: 361.95503pt x 104.19005pt.

Overfull \hbox (0.95503pt too wide) in paragraph at lines 273--274
[][] 
 []

[6 <./graphics/arabic-date.pdf>]
Overfull \hbox (0.67796pt too wide) in paragraph at lines 304--308
\OT1/ptm/m/n/10 char-ac-ters. This idea is not un-con-tro-ver-sial; see []$\OT1
/pcr/m/n/10 http : / / en . wikipedia . org / wiki /
 []

[7]

LaTeX Warning: Reference `sec:mibenum' on page 8 undefined on input line 380.


LaTeX Warning: Reference `sec:mime' on page 8 undefined on input line 392.


Overfull \hbox (2.75949pt too wide) in paragraph at lines 407--410
[]\OT1/pcr/m/n/10 iso-ir-6\OT1/ptm/m/n/10 , \OT1/pcr/m/n/10 ANSI_X3.4-1986\OT1/
ptm/m/n/10 , \OT1/pcr/m/n/10 ISO_646.irv:1991\OT1/ptm/m/n/10 , \OT1/pcr/m/n/10 
ASCII\OT1/ptm/m/n/10 , \OT1/pcr/m/n/10 ISO646-US\OT1/ptm/m/n/10 ,
 []


Overfull \hbox (15.48842pt too wide) in paragraph at lines 411--416
\OT1/ptm/m/n/10 list of char-ac-ter sets is at []$\OT1/pcr/m/n/10 http : / / ww
w . iana . org / assignments / character-[]sets$[]\OT1/ptm/m/n/10 ,
 []

[8]

LaTeX Warning: Reference `sec:uni-encoding' on page 9 undefined on input line 4
28.


Overfull \hbox (60.55562pt too wide) in paragraph at lines 435--435
 []\OT1/pcr/m/n/10 <META HTTP-EQUIV="Content-Type" CONTENT="text/html;charset=u
tf-8">[] 
 []

<latin1-html.pdf, id=171, 591.20876pt x 137.51375pt>
File: latin1-html.pdf Graphic file (type pdf)
 <use latin1-html.pdf>
Package pdftex.def Info: latin1-html.pdf used on input line 439.
(pdftex.def)             Requested size: 354.72798pt x 82.50888pt.

Overfull \hbox (8.24783pt too wide) in paragraph at lines 444--447
[]\OT1/ptm/m/n/10 Open this link in your browser, and ad-di-tion-ally view the 
source: []$\OT1/pcr/m/n/10 http : / / www . unicode .
 []


LaTeX Warning: Reference `sec:unicode-font' on page 9 undefined on input line 4
48.

LaTeX Font Info:    Font shape `OT1/ptm/bx/n' in size <8> not available
(Font)              Font shape `OT1/ptm/b/n' tried instead on input line 468.
[9 <./graphics/latin1-html.pdf>]
LaTeX Font Info:    Font shape `OT1/ptm/bx/n' in size <7> not available
(Font)              Font shape `OT1/ptm/b/n' tried instead on input line 486.
 writing exercise to encoding-ex2.tex
cut file name:encoding-ex2.tex
\openout3 = `encoding-ex2.tex'.

 (./encoding-ex2.tex)
writing exercise to encoding-ex3.tex cut file name:encoding-ex3.tex
\openout3 = `encoding-ex3.tex'.


(./encoding-ex3.tex) [10] writing exercise to encoding-ex4.tex
cut file name:encoding-ex4.tex
\openout3 = `encoding-ex4.tex'.

 (./encoding-ex4.tex)
writing exercise to encoding-ex5.tex cut file name:encoding-ex5.tex
\openout3 = `encoding-ex5.tex'.


(./encoding-ex5.tex))
\nx=\write6
 [11
\openout6 = `encoding-nx.tex'.

] (./chapter.toc)
\tf@toc=\write7
\openout7 = `chapter.toc'.


No file chapter.bbl.
Package atveryend Info: Empty hook `BeforeClearDocument' on input line 55.
[12

]
Package atveryend Info: Empty hook `AfterLastShipout' on input line 55.
 (./chapter.aux)
Package atveryend Info: Executing hook `AtVeryEndDocument' on input line 55.
Package atveryend Info: Executing hook `AtEndAfterFileList' on input line 55.


Package rerunfilecheck Warning: File `chapter.out' has changed.
(rerunfilecheck)                Rerun to get outlines right
(rerunfilecheck)                or use package `bookmark'.

Package rerunfilecheck Info: Checksums for `chapter.out':
(rerunfilecheck)             Before: 48C88B3312224731019223A03012C70C;361
(rerunfilecheck)             After:  D98EDA9930B8A8CA5379620CC8CB4215;1730.

LaTeX Warning: There were undefined references.


LaTeX Warning: Label(s) may have changed. Rerun to get cross-references right.

Package atveryend Info: Empty hook `AtVeryVeryEnd' on input line 55.
 ) 
Here is how much of TeX's memory you used:
 6201 strings out of 494770
 90247 string characters out of 3171573
 176315 words of memory out of 3000000
 9238 multiletter control sequences out of 15000+200000
 29894 words of font info for 73 fonts, out of 3000000 for 9000
 134 hyphenation exceptions out of 8191
 29i,7n,28p,242b,427s stack positions out of 5000i,500n,10000p,200000b,50000s
pdfTeX warning (dest): name{subsection.1.5} has been referenced but does not 
exist, replaced by a fixed one

{/opt/local/share/texmf-texlive-dist/fonts/enc/dvips/base/8r.enc}</opt/local/sh
are/texmf-texlive-dist/fonts/type1/public/amsfonts/cm/cmr10.pfb></opt/local/sha
re/texmf-texlive-dist/fonts/type1/public/amsfonts/cm/cmr8.pfb></opt/local/share
/texmf-texlive-dist/fonts/type1/public/amsfonts/cm/cmsy10.pfb></opt/local/share
/texmf-texlive-dist/fonts/type1/public/amsfonts/cm/cmsy8.pfb></opt/local/share/
texmf-texlive-dist/fonts/type1/public/amsfonts/cm/cmtt10.pfb></opt/local/share/
texmf-texlive-dist/fonts/type1/urw/courier/ucrr8a.pfb></opt/local/share/texmf-t
exlive-dist/fonts/type1/urw/times/utmb8a.pfb></opt/local/share/texmf-texlive-di
st/fonts/type1/urw/times/utmr8a.pfb></opt/local/share/texmf-texlive-dist/fonts/
type1/urw/times/utmr8a.pfb></opt/local/share/texmf-texlive-dist/fonts/type1/urw
/times/utmri8a.pfb>
Output written on chapter.pdf (12 pages, 203131 bytes).
PDF statistics:
 265 PDF objects out of 1000 (max. 8388607)
 214 compressed objects within 3 object streams
 49 named destinations out of 1000 (max. 500000)
 89 words of extra memory for PDF output out of 10000 (max. 10000000)

